
------------ Welcome to SFINCS ------------

  @@@@@  @@@@@@@ @@ @@  @@   @@@@   @@@@@
 @@@ @@@ @@@@@@@ @@ @@@ @@ @@@@@@@ @@@ @@@
 @@@     @@      @@ @@@ @@ @@   @@ @@@
  @@@@@  @@@@@@  @@ @@@@@@ @@       @@@@@
     @@@ @@      @@ @@ @@@ @@   @@     @@@
 @@@ @@@ @@      @@ @@  @@  @@@@@@ @@@ @@@
  @@@@@  @@      @@ @@   @   @@@@   @@@@@

              ..............
          ......:@@@@@@@@:......
       ..::::..@@........@@.:::::..
     ..:::::..@@..::..::..@@.::::::..
    .::::::..@@............@@.:::::::.
   .::::::..@@..............@@.:::::::.
  .::::::::..@@............@@..::::::::.
 .:::::::::...@@.@..@@..@.@@..::::::::::.
 .:::::::::...:@@@..@@..@@@:..:::::::::..
 ............@@.@@..@@..@@.@@............
 ^^^~~^^~~^^@@..............@@^^^~^^^~~^^
 .::::::::::@@..............@@.:::::::::.
  .......:.@@.....@.....@....@@.:.......
   .::....@@......@.@@@.@....@@.....::.
    .:::~@@.:...:.@@...@@.:.:.@@~::::.
     .::~@@@@@@@@@@.....@@@@@@@@@~::.
       ..:~~~~~~~:.......:~~~~~~~:..
          ......................
              ..............

------------------------------------------

Build-Revision: $Rev: v2.3.1 mt. Faber+branch-redo-infiltration
Build-Date: $Date: 2026-03-19

------ Preparing model simulation --------

Reading input file ...
Error   : SFINCS input file "sfincs.inp" not found! SFINCS has stopped!
