#0 building with "default" instance using docker driver

#1 [internal] load build definition from Dockerfile.gpu.25.5.ccall
#1 transferring dockerfile: 1.80kB 0.1s done
#1 DONE 0.1s

#2 [internal] load metadata for nvcr.io/nvidia/nvhpc:25.5-devel-cuda_multi-ubuntu22.04
#2 ...

#3 [auth] nvidia/cuda:pull token for registry-1.docker.io
#3 DONE 0.0s

#4 [internal] load metadata for docker.io/nvidia/cuda:12.5.0-runtime-ubuntu22.04
#4 DONE 1.0s

#2 [internal] load metadata for nvcr.io/nvidia/nvhpc:25.5-devel-cuda_multi-ubuntu22.04
#2 DONE 3.2s

#5 [internal] load .dockerignore
#5 transferring context: 0.1s
#5 transferring context: 2B 0.1s done
#5 DONE 0.2s

#6 [stage-1 1/7] FROM docker.io/nvidia/cuda:12.5.0-runtime-ubuntu22.04@sha256:75292ffaba88ea846d7f28261d4ed302fbe1124f10ff9da30e44034206916110
#6 resolve docker.io/nvidia/cuda:12.5.0-runtime-ubuntu22.04@sha256:75292ffaba88ea846d7f28261d4ed302fbe1124f10ff9da30e44034206916110 0.0s done
#6 DONE 0.0s

#7 [stage-0  1/11] FROM nvcr.io/nvidia/nvhpc:25.5-devel-cuda_multi-ubuntu22.04@sha256:87febb012d6794880442431efcce30218f9f17628c4153ca0c3409903f208557
#7 resolve nvcr.io/nvidia/nvhpc:25.5-devel-cuda_multi-ubuntu22.04@sha256:87febb012d6794880442431efcce30218f9f17628c4153ca0c3409903f208557 0.0s done
#7 DONE 0.0s

#8 [internal] load build context
#8 transferring context: 368.79kB 5.0s
#8 transferring context: 394.77kB 10.0s
#8 transferring context: 402.03kB 11.3s done
#8 DONE 11.3s

#7 [stage-0  1/11] FROM nvcr.io/nvidia/nvhpc:25.5-devel-cuda_multi-ubuntu22.04@sha256:87febb012d6794880442431efcce30218f9f17628c4153ca0c3409903f208557
#7 DONE 0.1s

#7 [stage-0  1/11] FROM nvcr.io/nvidia/nvhpc:25.5-devel-cuda_multi-ubuntu22.04@sha256:87febb012d6794880442431efcce30218f9f17628c4153ca0c3409903f208557
#7 sha256:1bfafb886e3fc1cf1ac59df56bc99dc821b5f39c4a75d14d70e53c03378d09e1 0B / 699B 0.2s
#7 sha256:1bfafb886e3fc1cf1ac59df56bc99dc821b5f39c4a75d14d70e53c03378d09e1 699B / 699B 0.2s done
#7 sha256:01c818a3a4dc25fdb48d8255d69222fbfa34b426de0ba939ca420b28c176974d 0B / 201B 0.3s
#7 sha256:8527f827adcafe7b29bf331d4badef985053b3eb61d3716197c17848d0efec34 0B / 366B 0.2s
#7 sha256:9060d08b6c54f9e80e0988dd636847d50e3aec66bd6391a12df4c625dab323fe 0B / 1.47kB 0.2s
#7 sha256:01c818a3a4dc25fdb48d8255d69222fbfa34b426de0ba939ca420b28c176974d 201B / 201B 0.4s done
#7 sha256:d506ebc7977e299aec769c93e0ffccb15982f44730cde278e8c4c271b4d562da 0B / 4.58GB 0.2s
#7 sha256:8527f827adcafe7b29bf331d4badef985053b3eb61d3716197c17848d0efec34 366B / 366B 0.5s done
#7 sha256:9060d08b6c54f9e80e0988dd636847d50e3aec66bd6391a12df4c625dab323fe 1.47kB / 1.47kB 0.6s done
#7 sha256:d6401fc4762d4fa24b724986f35589c7f9fd8c6a401e29af2b344e21757d385a 0B / 9.03GB 0.2s
#7 sha256:d506ebc7977e299aec769c93e0ffccb15982f44730cde278e8c4c271b4d562da 66.06MB / 4.58GB 5.2s
#7 sha256:d6401fc4762d4fa24b724986f35589c7f9fd8c6a401e29af2b344e21757d385a 66.06MB / 9.03GB 5.2s
#7 sha256:d506ebc7977e299aec769c93e0ffccb15982f44730cde278e8c4c271b4d562da 117.44MB / 4.58GB 10.3s
#7 sha256:d6401fc4762d4fa24b724986f35589c7f9fd8c6a401e29af2b344e21757d385a 117.44MB / 9.03GB 10.3s
#7 sha256:d506ebc7977e299aec769c93e0ffccb15982f44730cde278e8c4c271b4d562da 165.68MB / 4.58GB 15.4s
#7 sha256:d6401fc4762d4fa24b724986f35589c7f9fd8c6a401e29af2b344e21757d385a 165.68MB / 9.03GB 15.4s
#7 sha256:d506ebc7977e299aec769c93e0ffccb15982f44730cde278e8c4c271b4d562da 214.96MB / 4.58GB 20.5s
#7 sha256:d6401fc4762d4fa24b724986f35589c7f9fd8c6a401e29af2b344e21757d385a 213.91MB / 9.03GB 20.5s
#7 sha256:d506ebc7977e299aec769c93e0ffccb15982f44730cde278e8c4c271b4d562da 265.29MB / 4.58GB 25.6s
#7 sha256:d6401fc4762d4fa24b724986f35589c7f9fd8c6a401e29af2b344e21757d385a 265.29MB / 9.03GB 25.6s
#7 sha256:d506ebc7977e299aec769c93e0ffccb15982f44730cde278e8c4c271b4d562da 319.82MB / 4.58GB 30.7s
#7 sha256:d6401fc4762d4fa24b724986f35589c7f9fd8c6a401e29af2b344e21757d385a 322.96MB / 9.03GB 30.7s
#7 sha256:d506ebc7977e299aec769c93e0ffccb15982f44730cde278e8c4c271b4d562da 429.92MB / 4.58GB 35.7s
#7 sha256:d6401fc4762d4fa24b724986f35589c7f9fd8c6a401e29af2b344e21757d385a 435.16MB / 9.03GB 35.7s
#7 sha256:d506ebc7977e299aec769c93e0ffccb15982f44730cde278e8c4c271b4d562da 500.17MB / 4.58GB 40.8s
#7 sha256:d6401fc4762d4fa24b724986f35589c7f9fd8c6a401e29af2b344e21757d385a 506.46MB / 9.03GB 40.8s
